Sencha Cmd 6.5.1.233 - Crash report
================================================
An error occurred while executing the following command: app clean development

Diagnostic information:
=======================
Error while loading build environment: Failed to load JSON from D:\ws\ext\dataformat\client\app.json - com.google.gson.stream.MalformedJsonException: Unterminated object at line 230 column 5 path $.[7].path

java.lang.NullPointerException
     at com.sencha.command.Sencha.logCrashToFile(Sencha.java:630)
     at com.sencha.command.Sencha.main(Sencha.java:172)
     at sun.reflect.NativeMethodAccessorImpl.invoke0(Native Method)
     at sun.reflect.NativeMethodAccessorImpl.invoke(Unknown Source)
     at sun.reflect.DelegatingMethodAccessorImpl.invoke(Unknown Source)
     at java.lang.reflect.Method.invoke(Unknown Source)
     at com.exe4j.runtime.LauncherEngine.launch(LauncherEngine.java:65)
     at com.exe4j.runtime.WinLauncher.main(WinLauncher.java:101)
     at com.install4j.runtime.launcher.WinLauncher.main(WinLauncher.java:26)


Exception information:
=======================
Failed to load JSON from D:\ws\ext\dataformat\client\app.json - com.google.gson.stream.MalformedJsonException: Unterminated object at line 230 column 5 path $.[7].path
     at com.sencha.util.JsonUtil.loadJson(JsonUtil.java:193)
     at com.sencha.util.JsonUtil.loadJson(JsonUtil.java:177)
     at com.sencha.util.JsonUtil.loadJsonMap(JsonUtil.java:204)
     at com.sencha.command.environment.BuildEnvironment.getRawJsonConfig(BuildEnvironment.java:681)
     at com.sencha.command.environment.BuildEnvironment.loadJsonConfig(BuildEnvironment.java:639)
     at com.sencha.command.environment.BuildEnvironment.loadJsonConfig(BuildEnvironment.java:655)
     at com.sencha.command.environment.AppEnvironment.<init>(AppEnvironment.java:44)
     at com.sencha.command.environment.BuildEnvironment.load(BuildEnvironment.java:109)
     at com.sencha.command.environment.BuildEnvironment.load(BuildEnvironment.java:133)
     at com.sencha.command.environment.BuildEnvironment.load(BuildEnvironment.java:79)
     at com.sencha.command.Sencha.loadBuildEnvironment(Sencha.java:490)
     at com.sencha.command.Sencha.main(Sencha.java:134)
     at sun.reflect.NativeMethodAccessorImpl.invoke0(Native Method)
     at sun.reflect.NativeMethodAccessorImpl.invoke(Unknown Source)
     at sun.reflect.DelegatingMethodAccessorImpl.invoke(Unknown Source)
     at java.lang.reflect.Method.invoke(Unknown Source)
     at com.exe4j.runtime.LauncherEngine.launch(LauncherEngine.java:65)
     at com.exe4j.runtime.WinLauncher.main(WinLauncher.java:101)
     at com.install4j.runtime.launcher.WinLauncher.main(WinLauncher.java:26)
   Caused by: com.google.gson.stream.MalformedJsonException: Unterminated object at line 230 column 5 path $.[7].path
     at com.google.gson.Gson.fromJson(Gson.java:902)
     at com.google.gson.Gson.fromJson(Gson.java:852)
     at com.google.gson.Gson.fromJson(Gson.java:801)
     at com.sencha.util.JsonUtil$ThreadSafeGson.fromJson(JsonUtil.java:397)
     at com.sencha.util.JsonUtil.fromJson(JsonUtil.java:151)
     at com.sencha.util.JsonUtil.loadJson(JsonUtil.java:191)
     at com.sencha.util.JsonUtil.loadJson(JsonUtil.java:177)
     at com.sencha.util.JsonUtil.loadJsonMap(JsonUtil.java:204)
     at com.sencha.command.environment.BuildEnvironment.getRawJsonConfig(BuildEnvironment.java:681)
     at com.sencha.command.environment.BuildEnvironment.loadJsonConfig(BuildEnvironment.java:639)
     at com.sencha.command.environment.BuildEnvironment.loadJsonConfig(BuildEnvironment.java:655)
     at com.sencha.command.environment.AppEnvironment.<init>(AppEnvironment.java:44)
     at com.sencha.command.environment.BuildEnvironment.load(BuildEnvironment.java:109)
     at com.sencha.command.environment.BuildEnvironment.load(BuildEnvironment.java:133)
     at com.sencha.command.environment.BuildEnvironment.load(BuildEnvironment.java:79)
     at com.sencha.command.Sencha.loadBuildEnvironment(Sencha.java:490)
     at com.sencha.command.Sencha.main(Sencha.java:134)
     at sun.reflect.NativeMethodAccessorImpl.invoke0(Native Method)
     at sun.reflect.NativeMethodAccessorImpl.invoke(Unknown Source)
     at sun.reflect.DelegatingMethodAccessorImpl.invoke(Unknown Source)
     at java.lang.reflect.Method.invoke(Unknown Source)
     at com.exe4j.runtime.LauncherEngine.launch(LauncherEngine.java:65)
     at com.exe4j.runtime.WinLauncher.main(WinLauncher.java:101)
     at com.install4j.runtime.launcher.WinLauncher.main(WinLauncher.java:26)
   Caused by: Unterminated object at line 230 column 5 path $.[7].path
     at com.google.gson.stream.JsonReader.syntaxError(JsonReader.java:1559)
     at com.google.gson.stream.JsonReader.doPeek(JsonReader.java:491)
     at com.google.gson.stream.JsonReader.hasNext(JsonReader.java:414)
     at com.google.gson.internal.bind.ObjectTypeAdapter.read(ObjectTypeAdapter.java:69)
     at com.google.gson.internal.bind.ObjectTypeAdapter.read(ObjectTypeAdapter.java:61)
     at com.google.gson.internal.bind.TypeAdapterRuntimeTypeWrapper.read(TypeAdapterRuntimeTypeWrapper.java:41)
     at com.google.gson.internal.bind.MapTypeAdapterFactory$Adapter.read(MapTypeAdapterFactory.java:187)
     at com.google.gson.internal.bind.MapTypeAdapterFactory$Adapter.read(MapTypeAdapterFactory.java:145)
     at com.google.gson.Gson.fromJson(Gson.java:887)
     at com.google.gson.Gson.fromJson(Gson.java:852)
     at com.google.gson.Gson.fromJson(Gson.java:801)
     at com.sencha.util.JsonUtil$ThreadSafeGson.fromJson(JsonUtil.java:397)
     at com.sencha.util.JsonUtil.fromJson(JsonUtil.java:151)
     at com.sencha.util.JsonUtil.loadJson(JsonUtil.java:191)
     at com.sencha.util.JsonUtil.loadJson(JsonUtil.java:177)
     at com.sencha.util.JsonUtil.loadJsonMap(JsonUtil.java:204)
     at com.sencha.command.environment.BuildEnvironment.getRawJsonConfig(BuildEnvironment.java:681)
     at com.sencha.command.environment.BuildEnvironment.loadJsonConfig(BuildEnvironment.java:639)
     at com.sencha.command.environment.BuildEnvironment.loadJsonConfig(BuildEnvironment.java:655)
     at com.sencha.command.environment.AppEnvironment.<init>(AppEnvironment.java:44)
     at com.sencha.command.environment.BuildEnvironment.load(BuildEnvironment.java:109)
     at com.sencha.command.environment.BuildEnvironment.load(BuildEnvironment.java:133)
     at com.sencha.command.environment.BuildEnvironment.load(BuildEnvironment.java:79)
     at com.sencha.command.Sencha.loadBuildEnvironment(Sencha.java:490)
     at com.sencha.command.Sencha.main(Sencha.java:134)
     at sun.reflect.NativeMethodAccessorImpl.invoke0(Native Method)
     at sun.reflect.NativeMethodAccessorImpl.invoke(Unknown Source)
     at sun.reflect.DelegatingMethodAccessorImpl.invoke(Unknown Source)
     at java.lang.reflect.Method.invoke(Unknown Source)
     at com.exe4j.runtime.LauncherEngine.launch(LauncherEngine.java:65)
     at com.exe4j.runtime.WinLauncher.main(WinLauncher.java:101)
     at com.install4j.runtime.launcher.WinLauncher.main(WinLauncher.java:26)

